<?xml version="1.0" encoding="UTF-8"?>
<!-- Generated by org.testng.reporters.JUnitReportReporter -->
<testsuite skipped="0" hostname="silverone1" name="test.CRMTest" tests="1" failures="0" timestamp="02 Jun 2020 05:55:50 GMT" time="28.696" errors="0">
  <testcase name="createDealTest" time="28.696" classname="test.CRMTest"/>
</testsuite> <!-- test.CRMTest -->
