<?xml version="1.0" encoding="UTF-8"?>
<!-- Generated by org.testng.reporters.JUnitReportReporter -->
<testsuite skipped="0" hostname="DESKTOP-43FULGJ" name="test.CRMTest" tests="1" failures="0" timestamp="29 May 2020 04:38:45 GMT" time="7.782" errors="0">
  <testcase name="createQuickDraft" time="7.782" classname="test.CRMTest"/>
</testsuite> <!-- test.CRMTest -->
